<?xml version="1.0" encoding="UTF-8"?>
<coverage generated="1606319160289" clover="3.2.0">
  <project timestamp="1606319160289" name="All files">
    <metrics statements="7" coveredstatements="7" conditionals="1" coveredconditionals="0" methods="3" coveredmethods="3" elements="11" coveredelements="10" complexity="0" loc="7" ncloc="7" packages="1" files="2" classes="2"/>
    <file name="ElevatorMedia.js" path="/home/willy321/Rocket_Elevator_Foundation_Testing/Rocket_Elevator_JEST/modules/ElevatorMedia.js">
      <metrics statements="5" coveredstatements="5" conditionals="1" coveredconditionals="0" methods="2" coveredmethods="2"/>
      <line num="3" count="1" type="stmt"/>
      <line num="4" count="1" type="stmt"/>
      <line num="8" count="1" type="stmt"/>
      <line num="11" count="1" type="stmt"/>
      <line num="14" count="1" type="stmt"/>
    </file>
    <file name="sum.js" path="/home/willy321/Rocket_Elevator_Foundation_Testing/Rocket_Elevator_JEST/modules/sum.js">
      <metrics statements="2" coveredstatements="2" conditionals="0" coveredconditionals="0" methods="1" coveredmethods="1"/>
      <line num="2" count="1" type="stmt"/>
      <line num="5" count="1" type="stmt"/>
    </file>
  </project>
</coverage>
