{"/home/willy321/Rocket_Elevator_Foundation_Testing/Rocket_Elevator_JEST/modules/ElevatorMedia.js": {"path":"/home/willy321/Rocket_Elevator_Foundation_Testing/Rocket_Elevator_JEST/modules/ElevatorMedia.js","statementMap":{"0":{"start":{"line":12,"column":19},"end":{"line":12,"column":49}},"1":{"start":{"line":13,"column":8},"end":{"line":13,"column":19}},"2":{"start":{"line":17,"column":0},"end":{"line":17,"column":26}}},"fnMap":{"0":{"name":"(anonymous_0)","decl":{"start":{"line":11,"column":4},"end":{"line":11,"column":5}},"loc":{"start":{"line":11,"column":18},"end":{"line":14,"column":5}},"line":11}},"branchMap":{},"s":{"0":1,"1":1,"2":1},"f":{"0":1},"b":{},"_coverageSchema":"1a1c01bbd47fc00a2c39e90264f33305004495a9","hash":"8f99d661d9e00856918f7c3ba6e62e9188a64af2"}
}
